Arguments: 
  /usr/local/bin/node /Users/stephaniesakai/.yarn/releases/yarn-1.22.10.cjs deploy

PATH: 
  /Users/stephaniesakai/.yarn/bin:/Users/stephaniesakai/.config/yarn/global/node_modules/.bin:/Users/stephaniesakai/Library/Android/sdk/platform-tools:/Library/Frameworks/Python.framework/Versions/3.9/bin:/usr/local/bin:/usr/bin:/bin:/usr/sbin:/sbin:/usr/local/share/dotnet:~/.dotnet/tools:/Library/Apple/usr/bin:/Library/Frameworks/Mono.framework/Versions/Current/Commands:/Applications/Postgres.app/Contents/Versions/latest/bin:/Applications/Xamarin Workbooks.app/Contents/SharedSupport/path-bin

Yarn version: 
  1.22.10

Node version: 
  14.7.0

Platform: 
  darwin x64

Trace: 
  SyntaxError: /Users/stephaniesakai/Desktop/_REACT/monsters_rolodex/package.json: Unexpected token / in JSON at position 985
      at JSON.parse (<anonymous>)
      at /Users/stephaniesakai/.yarn/releases/yarn-1.22.10.cjs:1098:57
      at Generator.next (<anonymous>)
      at step (/Users/stephaniesakai/.yarn/releases/yarn-1.22.10.cjs:310:30)
      at /Users/stephaniesakai/.yarn/releases/yarn-1.22.10.cjs:321:13

npm manifest: 
  {
    "name": "ls",
    "version": "0.1.0",
    "private": true,
    "homepage": "https://stephskas.github.io/monster_rolodex",
    "dependencies": {
      "@testing-library/jest-dom": "^5.11.4",
      "@testing-library/react": "^11.1.0",
      "@testing-library/user-event": "^12.1.10",
      "gh-pages": "^3.1.0",
      "react": "^17.0.2",
      "react-dom": "^17.0.2",
      "react-scripts": "4.0.3",
      "web-vitals": "^1.0.1"
    },
    "scripts": {
      "start": "react-scripts start",
      "build": "react-scripts build",
      "test": "react-scripts test",
      "eject": "react-scripts eject",
      "predeploy": "yarn run build",
      "deploy": "gh-pages -b main"
    },
    "eslintConfig": {
      "extends": [
        "react-app",
        "react-app/jest"
      ]
    },
    "browserslist": {
      "production": [
        ">0.2%",
        "not dead",
        "not op_mini all"
      ],
      "development": [
        "last 1 chrome version",
        "last 1 firefox version",
        "last 1 safari version"
      ]
    },
    "main": "index.js",
    // "repository": "https://github.com/stephskas/monster_rolodex.git",
    "license": "MIT"
  }

yarn manifest: 
  No manifest

Lockfile: 
  No lockfile
